2017-08-04 00:01:41,584  INFO Application:48 - Starting Application on wqwjdeMacBook-Air.local with PID 1350 (/Users/qiwu/git/FacePro/target/classes started by qiwu in /Users/qiwu/git/FacePro)
2017-08-04 00:01:41,586  INFO Version:17 - HV000001: Hibernate Validator 5.2.2.Final
2017-08-04 00:01:41,588  INFO Application:666 - No active profile set, falling back to default profiles: default
2017-08-04 00:01:41,909  INFO AnnotationConfigEmbeddedWebApplicationContext:578 - Refreshing org.springframework.boot.context.embedded.AnnotationConfigEmbeddedWebApplicationContext@c46bcd4: startup date [Fri Aug 04 00:01:41 CST 2017]; root of context hierarchy
2017-08-04 00:01:43,536  INFO TomcatEmbeddedServletContainer:81 - Tomcat initialized with port(s): 8080 (http)
2017-08-04 00:01:43,557  INFO StandardService:180 - Starting service Tomcat
2017-08-04 00:01:43,559  INFO StandardEngine:180 - Starting Servlet Engine: Apache Tomcat/8.0.30
2017-08-04 00:01:43,686  INFO [/]:180 - Initializing Spring embedded WebApplicationContext
2017-08-04 00:01:43,687  INFO ContextLoader:272 - Root WebApplicationContext: initialization completed in 1781 ms
2017-08-04 00:01:44,072  INFO FilterRegistrationBean:258 - Mapping filter: 'characterEncodingFilter' to: [/*]
2017-08-04 00:01:44,073  INFO FilterRegistrationBean:258 - Mapping filter: 'hiddenHttpMethodFilter' to: [/*]
2017-08-04 00:01:44,074  INFO FilterRegistrationBean:258 - Mapping filter: 'httpPutFormContentFilter' to: [/*]
2017-08-04 00:01:44,074  INFO FilterRegistrationBean:258 - Mapping filter: 'requestContextFilter' to: [/*]
2017-08-04 00:01:44,076  INFO DelegatingFilterProxyRegistrationBean:258 - Mapping filter: 'springSecurityFilterChain' to: [/*]
2017-08-04 00:01:44,076  INFO ServletRegistrationBean:189 - Mapping servlet: 'dispatcherServlet' to [/]
2017-08-04 00:01:44,551  INFO DefaultSecurityFilterChain:28 - Creating filter chain: org.springframework.security.web.util.matcher.AnyRequestMatcher@1, [org.springframework.security.web.context.request.async.WebAsyncManagerIntegrationFilter@1f7251b0, org.springframework.security.web.context.SecurityContextPersistenceFilter@57a62441, org.springframework.security.web.header.HeaderWriterFilter@289ab0f, org.springframework.security.web.authentication.logout.LogoutFilter@dbaeb52, org.springframework.security.web.authentication.UsernamePasswordAuthenticationFilter@536e48b, org.springframework.security.web.savedrequest.RequestCacheAwareFilter@2a4da6c2, org.springframework.security.web.servletapi.SecurityContextHolderAwareRequestFilter@401ab33a, org.springframework.security.web.authentication.AnonymousAuthenticationFilter@7fb6f8d5, org.springframework.security.web.session.SessionManagementFilter@6627b23e, org.springframework.security.web.access.ExceptionTranslationFilter@2032d12c, org.springframework.security.web.access.intercept.FilterSecurityInterceptor@7764d689]
2017-08-04 00:01:44,831  INFO RequestMappingHandlerAdapter:532 - Looking for @ControllerAdvice: org.springframework.boot.context.embedded.AnnotationConfigEmbeddedWebApplicationContext@c46bcd4: startup date [Fri Aug 04 00:01:41 CST 2017]; root of context hierarchy
2017-08-04 00:01:44,920  INFO RequestMappingHandlerMapping:527 - Mapped "{[/CompareFace],methods=[POST]}" onto public java.lang.String com.eyeai.web.CompareController.oneUploadFile(org.springframework.ui.ModelMap,javax.servlet.http.HttpServletRequest,org.springframework.web.multipart.MultipartHttpServletRequest) throws java.io.IOException
2017-08-04 00:01:44,922  INFO RequestMappingHandlerMapping:527 - Mapped "{[/mutiUploadFiles],methods=[POST]}" onto public java.lang.String com.eyeai.web.CompareController.mutUploadFiles(org.springframework.ui.ModelMap,javax.servlet.http.HttpServletRequest) throws java.io.IOException
2017-08-04 00:01:44,924  INFO RequestMappingHandlerMapping:527 - Mapped "{[/]}" onto public java.lang.String com.eyeai.web.WebController.index(org.springframework.ui.ModelMap)
2017-08-04 00:01:44,925  INFO RequestMappingHandlerMapping:527 - Mapped "{[/upload]}" onto public java.lang.String com.eyeai.web.WebController.upload()
2017-08-04 00:01:44,925  INFO RequestMappingHandlerMapping:527 - Mapped "{[/hello]}" onto public java.lang.String com.eyeai.web.WebController.hello()
2017-08-04 00:01:44,926  INFO RequestMappingHandlerMapping:527 - Mapped "{[/login],methods=[GET]}" onto public java.lang.String com.eyeai.web.WebController.login()
2017-08-04 00:01:44,926  INFO RequestMappingHandlerMapping:527 - Mapped "{[/uploadMuti]}" onto public java.lang.String com.eyeai.web.WebController.uploadMuti()
2017-08-04 00:01:44,930  INFO RequestMappingHandlerMapping:527 - Mapped "{[/error]}" onto public org.springframework.http.ResponseEntity<java.util.Map<java.lang.String, java.lang.Object>> org.springframework.boot.autoconfigure.web.BasicErrorController.error(javax.servlet.http.HttpServletRequest)
2017-08-04 00:01:44,933  INFO RequestMappingHandlerMapping:527 - Mapped "{[/error],produces=[text/html]}" onto public org.springframework.web.servlet.ModelAndView org.springframework.boot.autoconfigure.web.BasicErrorController.errorHtml(javax.servlet.http.HttpServletRequest,javax.servlet.http.HttpServletResponse)
2017-08-04 00:01:44,991  INFO SimpleUrlHandlerMapping:341 - Mapped URL path [/webjars/**] onto handler of type [class org.springframework.web.servlet.resource.ResourceHttpRequestHandler]
2017-08-04 00:01:44,992  INFO SimpleUrlHandlerMapping:341 - Mapped URL path [/**] onto handler of type [class org.springframework.web.servlet.resource.ResourceHttpRequestHandler]
2017-08-04 00:01:45,010  INFO ExceptionHandlerExceptionResolver:267 - Detected @ExceptionHandler methods in globalExceptionHandler
2017-08-04 00:01:45,033  INFO SimpleUrlHandlerMapping:341 - Mapped URL path [/**/favicon.ico] onto handler of type [class org.springframework.web.servlet.resource.ResourceHttpRequestHandler]
2017-08-04 00:01:45,590  INFO AnnotationMBeanExporter:431 - Registering beans for JMX exposure on startup
2017-08-04 00:01:45,631  INFO Http11NioProtocol:180 - Initializing ProtocolHandler ["http-nio-8080"]
2017-08-04 00:01:45,638  INFO Http11NioProtocol:180 - Starting ProtocolHandler ["http-nio-8080"]
2017-08-04 00:01:45,656  INFO NioSelectorPool:180 - Using a shared selector for servlet write/read
2017-08-04 00:01:45,674  INFO TomcatEmbeddedServletContainer:162 - Tomcat started on port(s): 8080 (http)
2017-08-04 00:01:45,678  INFO Application:57 - Started Application in 4.83 seconds (JVM running for 5.281)
2017-08-04 00:01:49,813  INFO [/]:180 - Initializing Spring FrameworkServlet 'dispatcherServlet'
2017-08-04 00:01:49,813  INFO DispatcherServlet:489 - FrameworkServlet 'dispatcherServlet': initialization started
2017-08-04 00:01:49,827  INFO DispatcherServlet:508 - FrameworkServlet 'dispatcherServlet': initialization completed in 13 ms
2017-08-04 00:01:49,909  INFO TemplateEngine:825 - [THYMELEAF] INITIALIZING TEMPLATE ENGINE
2017-08-04 00:01:50,133  INFO AbstractTemplateResolver:99 - [THYMELEAF] INITIALIZING TEMPLATE RESOLVER: org.thymeleaf.templateresolver.TemplateResolver
2017-08-04 00:01:50,134  INFO AbstractTemplateResolver:110 - [THYMELEAF] TEMPLATE RESOLVER INITIALIZED OK
2017-08-04 00:01:50,135  INFO AbstractMessageResolver:72 - [THYMELEAF] INITIALIZING MESSAGE RESOLVER: org.thymeleaf.spring4.messageresolver.SpringMessageResolver
2017-08-04 00:01:50,135  INFO AbstractMessageResolver:78 - [THYMELEAF] MESSAGE RESOLVER INITIALIZED OK
2017-08-04 00:01:50,142  INFO CONFIG:123 - [THYMELEAF] TEMPLATE ENGINE CONFIGURATION:
[THYMELEAF] * Cache Factory implementation: org.thymeleaf.cache.StandardCacheManager
[THYMELEAF] * Template modes:
[THYMELEAF]     * VALIDXHTML
[THYMELEAF]     * LEGACYHTML5
[THYMELEAF]     * VALIDXML
[THYMELEAF]     * XHTML
[THYMELEAF]     * HTML5
[THYMELEAF]     * XML
[THYMELEAF] * Template resolvers (in order):
[THYMELEAF]     * org.thymeleaf.templateresolver.TemplateResolver
[THYMELEAF] * Message resolvers (in order):
[THYMELEAF]     * org.thymeleaf.spring4.messageresolver.SpringMessageResolver
[THYMELEAF] * Dialect [1 of 2]: org.thymeleaf.spring4.dialect.SpringStandardDialect
[THYMELEAF]     * Prefix: "th"
[THYMELEAF] * Dialect [2 of 2]: nz.net.ultraq.thymeleaf.LayoutDialect
[THYMELEAF]     * Prefix: "layout"
[THYMELEAF] TEMPLATE ENGINE CONFIGURED OK
2017-08-04 00:01:50,142  INFO TemplateEngine:838 - [THYMELEAF] TEMPLATE ENGINE INITIALIZED
2017-08-04 00:02:19,361  INFO FileuploadServiceImpl:44 - 上传文件成功！
2017-08-04 00:02:19,362  INFO FaceCompareImpl:44 - 上传照片的存储路径为：/Users/qiwu/Downloads/image/2317783454_eyeai.jpg
2017-08-04 00:02:20,661  INFO PostServiceImpl:102 - 接口返回的json是：{"image_id": "PP9xsSMw9dWx7EJWthdCow==", "request_id": "1501776135,064758f6-0ec6-4226-9be5-b6c7b5d1eda2", "time_used": 366, "faces": [{"face_rectangle": {"width": 534, "top": 65, "left": 314, "height": 534}, "face_token": "8c762bc2175caa9e48f367e51efc301a"}, {"face_rectangle": {"width": 108, "top": 960, "left": 712, "height": 108}, "face_token": "90f2e748b7e7aa1534cde87da915fdc8"}]}
2017-08-04 00:02:20,662  INFO GetFaceTokenServiceImpl:42 - 请求头像获取接口，获得头像返回：{"image_id": "PP9xsSMw9dWx7EJWthdCow==", "request_id": "1501776135,064758f6-0ec6-4226-9be5-b6c7b5d1eda2", "time_used": 366, "faces": [{"face_rectangle": {"width": 534, "top": 65, "left": 314, "height": 534}, "face_token": "8c762bc2175caa9e48f367e51efc301a"}, {"face_rectangle": {"width": 108, "top": 960, "left": 712, "height": 108}, "face_token": "90f2e748b7e7aa1534cde87da915fdc8"}]}
2017-08-04 00:02:20,753  INFO GetFaceTokenServiceImpl:64 - 获得头像列表[8c762bc2175caa9e48f367e51efc301a, 90f2e748b7e7aa1534cde87da915fdc8]
2017-08-04 00:02:20,754  INFO FaceCompareImpl:56 - 获取image头像列表[8c762bc2175caa9e48f367e51efc301a, 90f2e748b7e7aa1534cde87da915fdc8]
2017-08-04 00:02:20,754  INFO FaceCompareImpl:76 - 发起比对请求:{"api_key":"EmwiWkkws71IqE1zQbdjkATEHgGlBeSq","face_token2":"90f2e748b7e7aa1534cde87da915fdc8","face_token1":"8c762bc2175caa9e48f367e51efc301a","api_secret":"p0kdAQ8heNM5_sM7H0_0Gex4ZV6exHO3"}
2017-08-04 00:02:21,469  INFO PostServiceImpl:203 - 接口返回的json是：{"confidence": 81.259, "request_id": "1501776135,87014b06-b770-417a-a35f-7e9572aa3078", "time_used": 493, "thresholds": {"1e-3": 62.327, "1e-5": 73.975, "1e-4": 69.101}}
2017-08-04 00:02:21,471  INFO CompareController:57 - 单张头像获取比对分数:81.259
2017-08-04 00:03:11,746  INFO AnnotationConfigEmbeddedWebApplicationContext:960 - Closing org.springframework.boot.context.embedded.AnnotationConfigEmbeddedWebApplicationContext@c46bcd4: startup date [Fri Aug 04 00:01:41 CST 2017]; root of context hierarchy
2017-08-04 00:03:11,748  INFO AnnotationMBeanExporter:449 - Unregistering JMX-exposed beans on shutdown
2017-08-04 10:32:30,906  INFO Application:48 - Starting Application on yeguan-wuqiang with PID 39464 (started by Administrator in C:\Documents and Settings\Administrator\git\FacePro)
2017-08-04 10:32:30,906  INFO Application:666 - No active profile set, falling back to default profiles: default
2017-08-04 10:32:31,625  INFO Version:17 - HV000001: Hibernate Validator 5.2.2.Final
2017-08-04 10:32:31,734  INFO AnnotationConfigEmbeddedWebApplicationContext:578 - Refreshing org.springframework.boot.context.embedded.AnnotationConfigEmbeddedWebApplicationContext@7aecef: startup date [Fri Aug 04 10:32:31 CST 2017]; root of context hierarchy
2017-08-04 10:32:32,234  WARN AnnotationConfigEmbeddedWebApplicationContext:546 - Exception encountered during context initialization - cancelling refresh attempt: org.springframework.beans.factory.BeanDefinitionStoreException: Failed to parse configuration class [com.eyeai.Application]; nested exception is java.io.FileNotFoundException: class path resource [org/springframework/security/config/annotation/web/configuration/WebSecurityConfigurerAdapter.class] cannot be opened because it does not exist
2017-08-04 10:32:32,234 ERROR SpringApplication:827 - Application startup failed
org.springframework.beans.factory.BeanDefinitionStoreException: Failed to parse configuration class [com.eyeai.Application]; nested exception is java.io.FileNotFoundException: class path resource [org/springframework/security/config/annotation/web/configuration/WebSecurityConfigurerAdapter.class] cannot be opened because it does not exist
	at org.springframework.context.annotation.ConfigurationClassParser.parse(ConfigurationClassParser.java:181)
	at org.springframework.context.annotation.ConfigurationClassPostProcessor.processConfigBeanDefinitions(ConfigurationClassPostProcessor.java:321)
	at org.springframework.context.annotation.ConfigurationClassPostProcessor.postProcessBeanDefinitionRegistry(ConfigurationClassPostProcessor.java:243)
	at org.springframework.context.support.PostProcessorRegistrationDelegate.invokeBeanDefinitionRegistryPostProcessors(PostProcessorRegistrationDelegate.java:273)
	at org.springframework.context.support.PostProcessorRegistrationDelegate.invokeBeanFactoryPostProcessors(PostProcessorRegistrationDelegate.java:98)
	at org.springframework.context.support.AbstractApplicationContext.invokeBeanFactoryPostProcessors(AbstractApplicationContext.java:678)
	at org.springframework.context.support.AbstractApplicationContext.refresh(AbstractApplicationContext.java:520)
	at org.springframework.boot.context.embedded.EmbeddedWebApplicationContext.refresh(EmbeddedWebApplicationContext.java:118)
	at org.springframework.boot.SpringApplication.refresh(SpringApplication.java:766)
	at org.springframework.boot.SpringApplication.createAndRefreshContext(SpringApplication.java:361)
	at org.springframework.boot.SpringApplication.run(SpringApplication.java:307)
	at org.springframework.boot.SpringApplication.run(SpringApplication.java:1191)
	at org.springframework.boot.SpringApplication.run(SpringApplication.java:1180)
	at com.eyeai.Application.main(Application.java:12)
Caused by: java.io.FileNotFoundException: class path resource [org/springframework/security/config/annotation/web/configuration/WebSecurityConfigurerAdapter.class] cannot be opened because it does not exist
	at org.springframework.core.io.ClassPathResource.getInputStream(ClassPathResource.java:172)
	at org.springframework.core.type.classreading.SimpleMetadataReader.<init>(SimpleMetadataReader.java:50)
	at org.springframework.core.type.classreading.SimpleMetadataReaderFactory.getMetadataReader(SimpleMetadataReaderFactory.java:98)
	at org.springframework.core.type.classreading.CachingMetadataReaderFactory.getMetadataReader(CachingMetadataReaderFactory.java:102)
	at org.springframework.core.type.classreading.SimpleMetadataReaderFactory.getMetadataReader(SimpleMetadataReaderFactory.java:93)
	at org.springframework.context.annotation.ConfigurationClassParser.asSourceClass(ConfigurationClassParser.java:620)
	at org.springframework.context.annotation.ConfigurationClassParser$SourceClass.getSuperClass(ConfigurationClassParser.java:800)
	at org.springframework.context.annotation.ConfigurationClassParser.doProcessConfigurationClass(ConfigurationClassParser.java:313)
	at org.springframework.context.annotation.ConfigurationClassParser.processConfigurationClass(ConfigurationClassParser.java:231)
	at org.springframework.context.annotation.ConfigurationClassParser.parse(ConfigurationClassParser.java:190)
	at org.springframework.context.annotation.ConfigurationClassParser.doProcessConfigurationClass(ConfigurationClassParser.java:271)
	at org.springframework.context.annotation.ConfigurationClassParser.processConfigurationClass(ConfigurationClassParser.java:231)
	at org.springframework.context.annotation.ConfigurationClassParser.parse(ConfigurationClassParser.java:198)
	at org.springframework.context.annotation.ConfigurationClassParser.parse(ConfigurationClassParser.java:167)
	... 13 more
2017-08-04 10:32:32,250  INFO ClasspathLoggingApplicationListener:57 - Application failed to start with classpath: [file:/C:/Documents%20and%20Settings/Administrator/git/FacePro/target/classes/, file:/C:/Documents%20and%20Settings/Administrator/.m2/repository/org/springframework/boot/spring-boot-starter/1.3.2.RELEASE/spring-boot-starter-1.3.2.RELEASE.jar, file:/C:/Documents%20and%20Settings/Administrator/.m2/repository/org/springframework/boot/spring-boot/1.3.2.RELEASE/spring-boot-1.3.2.RELEASE.jar, file:/C:/Documents%20and%20Settings/Administrator/.m2/repository/org/springframework/spring-context/4.2.4.RELEASE/spring-context-4.2.4.RELEASE.jar, file:/C:/Documents%20and%20Settings/Administrator/.m2/repository/org/springframework/boot/spring-boot-autoconfigure/1.3.2.RELEASE/spring-boot-autoconfigure-1.3.2.RELEASE.jar, file:/C:/Documents%20and%20Settings/Administrator/.m2/repository/org/springframework/spring-core/4.2.4.RELEASE/spring-core-4.2.4.RELEASE.jar, file:/C:/Documents%20and%20Settings/Administrator/.m2/repository/org/yaml/snakeyaml/1.16/snakeyaml-1.16.jar, file:/C:/Documents%20and%20Settings/Administrator/.m2/repository/org/springframework/boot/spring-boot-starter-log4j/1.3.2.RELEASE/spring-boot-starter-log4j-1.3.2.RELEASE.jar, file:/C:/Documents%20and%20Settings/Administrator/.m2/repository/org/slf4j/jcl-over-slf4j/1.7.13/jcl-over-slf4j-1.7.13.jar, file:/C:/Documents%20and%20Settings/Administrator/.m2/repository/org/slf4j/slf4j-api/1.7.13/slf4j-api-1.7.13.jar, file:/C:/Documents%20and%20Settings/Administrator/.m2/repository/org/slf4j/jul-to-slf4j/1.7.13/jul-to-slf4j-1.7.13.jar, file:/C:/Documents%20and%20Settings/Administrator/.m2/repository/org/slf4j/slf4j-log4j12/1.7.13/slf4j-log4j12-1.7.13.jar, file:/C:/Documents%20and%20Settings/Administrator/.m2/repository/log4j/log4j/1.2.17/log4j-1.2.17.jar, file:/C:/Documents%20and%20Settings/Administrator/.m2/repository/org/springframework/boot/spring-boot-starter-web/1.3.2.RELEASE/spring-boot-starter-web-1.3.2.RELEASE.jar, file:/C:/Documents%20and%20Settings/Administrator/.m2/repository/org/springframework/boot/spring-boot-starter-tomcat/1.3.2.RELEASE/spring-boot-starter-tomcat-1.3.2.RELEASE.jar, file:/C:/Documents%20and%20Settings/Administrator/.m2/repository/org/apache/tomcat/embed/tomcat-embed-core/8.0.30/tomcat-embed-core-8.0.30.jar, file:/C:/Documents%20and%20Settings/Administrator/.m2/repository/org/apache/tomcat/embed/tomcat-embed-el/8.0.30/tomcat-embed-el-8.0.30.jar, file:/C:/Documents%20and%20Settings/Administrator/.m2/repository/org/apache/tomcat/embed/tomcat-embed-logging-juli/8.0.30/tomcat-embed-logging-juli-8.0.30.jar, file:/C:/Documents%20and%20Settings/Administrator/.m2/repository/org/apache/tomcat/embed/tomcat-embed-websocket/8.0.30/tomcat-embed-websocket-8.0.30.jar, file:/C:/Documents%20and%20Settings/Administrator/.m2/repository/org/springframework/boot/spring-boot-starter-validation/1.3.2.RELEASE/spring-boot-starter-validation-1.3.2.RELEASE.jar, file:/C:/Documents%20and%20Settings/Administrator/.m2/repository/org/hibernate/hibernate-validator/5.2.2.Final/hibernate-validator-5.2.2.Final.jar, file:/C:/Documents%20and%20Settings/Administrator/.m2/repository/javax/validation/validation-api/1.1.0.Final/validation-api-1.1.0.Final.jar, file:/C:/Documents%20and%20Settings/Administrator/.m2/repository/org/jboss/logging/jboss-logging/3.3.0.Final/jboss-logging-3.3.0.Final.jar, file:/C:/Documents%20and%20Settings/Administrator/.m2/repository/com/fasterxml/classmate/1.1.0/classmate-1.1.0.jar, file:/C:/Documents%20and%20Settings/Administrator/.m2/repository/com/fasterxml/jackson/core/jackson-databind/2.6.5/jackson-databind-2.6.5.jar, file:/C:/Documents%20and%20Settings/Administrator/.m2/repository/com/fasterxml/jackson/core/jackson-annotations/2.6.5/jackson-annotations-2.6.5.jar, file:/C:/Documents%20and%20Settings/Administrator/.m2/repository/com/fasterxml/jackson/core/jackson-core/2.6.5/jackson-core-2.6.5.jar, file:/C:/Documents%20and%20Settings/Administrator/.m2/repository/org/springframework/spring-web/4.2.4.RELEASE/spring-web-4.2.4.RELEASE.jar, file:/C:/Documents%20and%20Settings/Administrator/.m2/repository/org/springframework/spring-aop/4.2.4.RELEASE/spring-aop-4.2.4.RELEASE.jar, file:/C:/Documents%20and%20Settings/Administrator/.m2/repository/aopalliance/aopalliance/1.0/aopalliance-1.0.jar, file:/C:/Documents%20and%20Settings/Administrator/.m2/repository/org/springframework/spring-beans/4.2.4.RELEASE/spring-beans-4.2.4.RELEASE.jar, file:/C:/Documents%20and%20Settings/Administrator/.m2/repository/org/springframework/spring-webmvc/4.2.4.RELEASE/spring-webmvc-4.2.4.RELEASE.jar, file:/C:/Documents%20and%20Settings/Administrator/.m2/repository/org/springframework/spring-expression/4.2.4.RELEASE/spring-expression-4.2.4.RELEASE.jar, file:/C:/Documents%20and%20Settings/Administrator/.m2/repository/org/springframework/boot/spring-boot-starter-thymeleaf/1.3.2.RELEASE/spring-boot-starter-thymeleaf-1.3.2.RELEASE.jar, file:/C:/Documents%20and%20Settings/Administrator/.m2/repository/org/thymeleaf/thymeleaf-spring4/2.1.4.RELEASE/thymeleaf-spring4-2.1.4.RELEASE.jar, file:/C:/Documents%20and%20Settings/Administrator/.m2/repository/org/thymeleaf/thymeleaf/2.1.4.RELEASE/thymeleaf-2.1.4.RELEASE.jar, file:/C:/Documents%20and%20Settings/Administrator/.m2/repository/ognl/ognl/3.0.8/ognl-3.0.8.jar, file:/C:/Documents%20and%20Settings/Administrator/.m2/repository/org/javassist/javassist/3.18.1-GA/javassist-3.18.1-GA.jar, file:/C:/Documents%20and%20Settings/Administrator/.m2/repository/org/unbescape/unbescape/1.1.0.RELEASE/unbescape-1.1.0.RELEASE.jar, file:/C:/Documents%20and%20Settings/Administrator/.m2/repository/nz/net/ultraq/thymeleaf/thymeleaf-layout-dialect/1.3.1/thymeleaf-layout-dialect-1.3.1.jar, file:/C:/Documents%20and%20Settings/Administrator/.m2/repository/org/codehaus/groovy/groovy/2.4.4/groovy-2.4.4.jar, file:/C:/Documents%20and%20Settings/Administrator/.m2/repository/org/springframework/boot/spring-boot-starter-security/1.3.2.RELEASE/spring-boot-starter-security-1.3.2.RELEASE.jar, file:/C:/Documents%20and%20Settings/Administrator/.m2/repository/com/alibaba/fastjson/1.2.24/fastjson-1.2.24.jar, file:/C:/Documents%20and%20Settings/Administrator/.m2/repository/org/apache/httpcomponents/httpclient/4.3.2/httpclient-4.3.2.jar, file:/C:/Documents%20and%20Settings/Administrator/.m2/repository/org/apache/httpcomponents/httpcore/4.4.4/httpcore-4.4.4.jar, file:/C:/Documents%20and%20Settings/Administrator/.m2/repository/commons-codec/commons-codec/1.6/commons-codec-1.6.jar, file:/C:/Documents%20and%20Settings/Administrator/.m2/repository/net/sourceforge/nekohtml/nekohtml/1.9.22/nekohtml-1.9.22.jar, file:/C:/Documents%20and%20Settings/Administrator/.m2/repository/xerces/xercesImpl/2.11.0/xercesImpl-2.11.0.jar, file:/C:/Documents%20and%20Settings/Administrator/.m2/repository/xml-apis/xml-apis/1.4.01/xml-apis-1.4.01.jar]
